# JRE version: OpenJDK Runtime Environment (7.0_101) (build 1.7.0_101-b00)
# Java VM: OpenJDK 64-Bit Server VM (24.95-b01 mixed mode linux-amd64 compressed oops)
Heap
 PSYoungGen      total 124416K, used 15343K [0x00000000eaa80000, 0x00000000f3480000, 0x0000000100000000)
  eden space 109056K, 0% used [0x00000000eaa80000,0x00000000eaa80000,0x00000000f1500000)
  from space 15360K, 99% used [0x00000000f1500000,0x00000000f23fbdd0,0x00000000f2400000)
  to   space 13824K, 0% used [0x00000000f2400000,0x00000000f2400000,0x00000000f3180000)
 ParOldGen       total 35328K, used 34364K [0x00000000c0000000, 0x00000000c2280000, 0x00000000eaa80000)
  object space 35328K, 97% used [0x00000000c0000000,0x00000000c218f0b8,0x00000000c2280000)
 PSPermGen       total 21504K, used 6400K [0x00000000b5a00000, 0x00000000b6f00000, 0x00000000c0000000)
  object space 21504K, 29% used [0x00000000b5a00000,0x00000000b6040028,0x00000000b6f00000)
GC Heap History (10 events):
Event: 2,687 GC heap after
Heap after GC invocations=2 (full 0):
 PSYoungGen      total 29696K, used 2042K [0x00000000eaa80000, 0x00000000ec980000, 0x0000000100000000)
  eden space 27648K, 0% used [0x00000000eaa80000,0x00000000eaa80000,0x00000000ec580000)
  from space 2048K, 99% used [0x00000000ec780000,0x00000000ec97e8e8,0x00000000ec980000)
  to   space 2048K, 0% used [0x00000000ec580000,0x00000000ec580000,0x00000000ec780000)
 ParOldGen       total 35328K, used 1812K [0x00000000c0000000, 0x00000000c2280000, 0x00000000eaa80000)
  object space 35328K, 5% used [0x00000000c0000000,0x00000000c01c50c8,0x00000000c2280000)
 PSPermGen       total 21504K, used 5986K [0x00000000b5a00000, 0x00000000b6f00000, 0x00000000c0000000)
  object space 21504K, 27% used [0x00000000b5a00000,0x00000000b5fd8b28,0x00000000b6f00000)
}
Event: 8,421 GC heap before
{Heap before GC invocations=3 (full 0):
 PSYoungGen      total 29696K, used 29690K [0x00000000eaa80000, 0x00000000ec980000, 0x0000000100000000)
  eden space 27648K, 100% used [0x00000000eaa80000,0x00000000ec580000,0x00000000ec580000)
  from space 2048K, 99% used [0x00000000ec780000,0x00000000ec97e8e8,0x00000000ec980000)
  to   space 2048K, 0% used [0x00000000ec580000,0x00000000ec580000,0x00000000ec780000)
 ParOldGen       total 35328K, used 1812K [0x00000000c0000000, 0x00000000c2280000, 0x00000000eaa80000)
  object space 35328K, 5% used [0x00000000c0000000,0x00000000c01c50c8,0x00000000c2280000)
 PSPermGen       total 21504K, used 6222K [0x00000000b5a00000, 0x00000000b6f00000, 0x00000000c0000000)
  object space 21504K, 28% used [0x00000000b5a00000,0x00000000b6013b60,0x00000000b6f00000)
Event: 8,508 GC heap after
Heap after GC invocations=3 (full 0):
 PSYoungGen      total 29696K, used 2033K [0x00000000eaa80000, 0x00000000ee480000, 0x0000000100000000)
  eden space 27648K, 0% used [0x00000000eaa80000,0x00000000eaa80000,0x00000000ec580000)
  from space 2048K, 99% used [0x00000000ec580000,0x00000000ec77c708,0x00000000ec780000)
  to   space 2048K, 0% used [0x00000000ee280000,0x00000000ee280000,0x00000000ee480000)
 ParOldGen       total 35328K, used 7050K [0x00000000c0000000, 0x00000000c2280000, 0x00000000eaa80000)
  object space 35328K, 19% used [0x00000000c0000000,0x00000000c06e29e0,0x00000000c2280000)
 PSPermGen       total 21504K, used 6222K [0x00000000b5a00000, 0x00000000b6f00000, 0x00000000c0000000)
  object space 21504K, 28% used [0x00000000b5a00000,0x00000000b6013b60,0x00000000b6f00000)
}
Event: 16,877 GC heap before
{Heap before GC invocations=4 (full 0):
 PSYoungGen      total 29696K, used 29681K [0x00000000eaa80000, 0x00000000ee480000, 0x0000000100000000)
  eden space 27648K, 100% used [0x00000000eaa80000,0x00000000ec580000,0x00000000ec580000)
  from space 2048K, 99% used [0x00000000ec580000,0x00000000ec77c708,0x00000000ec780000)
  to   space 2048K, 0% used [0x00000000ee280000,0x00000000ee280000,0x00000000ee480000)
 ParOldGen       total 35328K, used 7050K [0x00000000c0000000, 0x00000000c2280000, 0x00000000eaa80000)
  object space 35328K, 19% used [0x00000000c0000000,0x00000000c06e29e0,0x00000000c2280000)
 PSPermGen       total 21504K, used 6266K [0x00000000b5a00000, 0x00000000b6f00000, 0x00000000c0000000)
  object space 21504K, 29% used [0x00000000b5a00000,0x00000000b601e970,0x00000000b6f00000)
Event: 16,963 GC heap after
Heap after GC invocations=4 (full 0):
 PSYoungGen      total 57344K, used 2029K [0x00000000eaa80000, 0x00000000ee480000, 0x0000000100000000)
  eden space 55296K, 0% used [0x00000000eaa80000,0x00000000eaa80000,0x00000000ee080000)
  from space 2048K, 99% used [0x00000000ee280000,0x00000000ee47b488,0x00000000ee480000)
  to   space 2048K, 0% used [0x00000000ee080000,0x00000000ee080000,0x00000000ee280000)
 ParOldGen       total 35328K, used 12017K [0x00000000c0000000, 0x00000000c2280000, 0x00000000eaa80000)
  object space 35328K, 34% used [0x00000000c0000000,0x00000000c0bbc580,0x00000000c2280000)
 PSPermGen       total 21504K, used 6266K [0x00000000b5a00000, 0x00000000b6f00000, 0x00000000c0000000)
  object space 21504K, 29% used [0x00000000b5a00000,0x00000000b601e970,0x00000000b6f00000)
}
Event: 32,052 GC heap before
{Heap before GC invocations=5 (full 0):
 PSYoungGen      total 57344K, used 57325K [0x00000000eaa80000, 0x00000000ee480000, 0x0000000100000000)
  eden space 55296K, 100% used [0x00000000eaa80000,0x00000000ee080000,0x00000000ee080000)
  from space 2048K, 99% used [0x00000000ee280000,0x00000000ee47b488,0x00000000ee480000)
  to   space 2048K, 0% used [0x00000000ee080000,0x00000000ee080000,0x00000000ee280000)
 ParOldGen       total 35328K, used 12017K [0x00000000c0000000, 0x00000000c2280000, 0x00000000eaa80000)
  object space 35328K, 34% used [0x00000000c0000000,0x00000000c0bbc580,0x00000000c2280000)
 PSPermGen       total 21504K, used 6317K [0x00000000b5a00000, 0x00000000b6f00000, 0x00000000c0000000)
  object space 21504K, 29% used [0x00000000b5a00000,0x00000000b602b500,0x00000000b6f00000)
Event: 32,384 GC heap after
Heap after GC invocations=5 (full 0):
 PSYoungGen      total 57344K, used 2017K [0x00000000eaa80000, 0x00000000f3180000, 0x0000000100000000)
  eden space 55296K, 0% used [0x00000000eaa80000,0x00000000eaa80000,0x00000000ee080000)
  from space 2048K, 98% used [0x00000000ee080000,0x00000000ee2786f8,0x00000000ee280000)
  to   space 13824K, 0% used [0x00000000f2400000,0x00000000f2400000,0x00000000f3180000)
 ParOldGen       total 35328K, used 21582K [0x00000000c0000000, 0x00000000c2280000, 0x00000000eaa80000)
  object space 35328K, 61% used [0x00000000c0000000,0x00000000c15139a0,0x00000000c2280000)
 PSPermGen       total 21504K, used 6317K [0x00000000b5a00000, 0x00000000b6f00000, 0x00000000c0000000)
  object space 21504K, 29% used [0x00000000b5a00000,0x00000000b602b500,0x00000000b6f00000)
}
Event: 41,331 GC heap before
{Heap before GC invocations=6 (full 0):
 PSYoungGen      total 57344K, used 57313K [0x00000000eaa80000, 0x00000000f3180000, 0x0000000100000000)
  eden space 55296K, 100% used [0x00000000eaa80000,0x00000000ee080000,0x00000000ee080000)
  from space 2048K, 98% used [0x00000000ee080000,0x00000000ee2786f8,0x00000000ee280000)
  to   space 13824K, 0% used [0x00000000f2400000,0x00000000f2400000,0x00000000f3180000)
 ParOldGen       total 35328K, used 21582K [0x00000000c0000000, 0x00000000c2280000, 0x00000000eaa80000)
  object space 35328K, 61% used [0x00000000c0000000,0x00000000c15139a0,0x00000000c2280000)
 PSPermGen       total 21504K, used 6363K [0x00000000b5a00000, 0x00000000b6f00000, 0x00000000c0000000)
  object space 21504K, 29% used [0x00000000b5a00000,0x00000000b6036cb8,0x00000000b6f00000)
Event: 41,681 GC heap after
Heap after GC invocations=6 (full 0):
 PSYoungGen      total 122880K, used 11197K [0x00000000eaa80000, 0x00000000f3480000, 0x0000000100000000)
  eden space 109056K, 0% used [0x00000000eaa80000,0x00000000eaa80000,0x00000000f1500000)
  from space 13824K, 81% used [0x00000000f2400000,0x00000000f2eef688,0x00000000f3180000)
  to   space 15360K, 0% used [0x00000000f1500000,0x00000000f1500000,0x00000000f2400000)
 ParOldGen       total 35328K, used 21582K [0x00000000c0000000, 0x00000000c2280000, 0x00000000eaa80000)
  object space 35328K, 61% used [0x00000000c0000000,0x00000000c15139a0,0x00000000c2280000)
 PSPermGen       total 21504K, used 6363K [0x00000000b5a00000, 0x00000000b6f00000, 0x00000000c0000000)
  object space 21504K, 29% used [0x00000000b5a00000,0x00000000b6036cb8,0x00000000b6f00000)
}
Event: 51,677 GC heap before
{Heap before GC invocations=7 (full 0):
 PSYoungGen      total 122880K, used 120253K [0x00000000eaa80000, 0x00000000f3480000, 0x0000000100000000)
  eden space 109056K, 100% used [0x00000000eaa80000,0x00000000f1500000,0x00000000f1500000)
  from space 13824K, 81% used [0x00000000f2400000,0x00000000f2eef688,0x00000000f3180000)
  to   space 15360K, 0% used [0x00000000f1500000,0x00000000f1500000,0x00000000f2400000)
 ParOldGen       total 35328K, used 21582K [0x00000000c0000000, 0x00000000c2280000, 0x00000000eaa80000)
  object space 35328K, 61% used [0x00000000c0000000,0x00000000c15139a0,0x00000000c2280000)
 PSPermGen       total 21504K, used 6400K [0x00000000b5a00000, 0x00000000b6f00000, 0x00000000c0000000)
  object space 21504K, 29% used [0x00000000b5a00000,0x00000000b6040028,0x00000000b6f00000)

