# JRE version: OpenJDK Runtime Environment (7.0_101) (build 1.7.0_101-b00)
# Java VM: OpenJDK 64-Bit Server VM (24.95-b01 mixed mode linux-amd64 compressed oops)
Heap
 PSYoungGen      total 122880K, used 13296K [0x00000000eaa80000, 0x00000000f3080000, 0x0000000100000000)
  eden space 109568K, 0% used [0x00000000eaa80000,0x00000000eaa80000,0x00000000f1580000)
  from space 13312K, 99% used [0x00000000f1580000,0x00000000f227c098,0x00000000f2280000)
  to   space 12288K, 0% used [0x00000000f2280000,0x00000000f2280000,0x00000000f2e80000)
 ParOldGen       total 35328K, used 32263K [0x00000000c0000000, 0x00000000c2280000, 0x00000000eaa80000)
  object space 35328K, 91% used [0x00000000c0000000,0x00000000c1f81d28,0x00000000c2280000)
 PSPermGen       total 21504K, used 6401K [0x00000000b5a00000, 0x00000000b6f00000, 0x00000000c0000000)
  object space 21504K, 29% used [0x00000000b5a00000,0x00000000b6040428,0x00000000b6f00000)
GC Heap History (10 events):
Event: 4,909 GC heap after
Heap after GC invocations=2 (full 0):
 PSYoungGen      total 29696K, used 2033K [0x00000000eaa80000, 0x00000000ec980000, 0x0000000100000000)
  eden space 27648K, 0% used [0x00000000eaa80000,0x00000000eaa80000,0x00000000ec580000)
  from space 2048K, 99% used [0x00000000ec780000,0x00000000ec97c688,0x00000000ec980000)
  to   space 2048K, 0% used [0x00000000ec580000,0x00000000ec580000,0x00000000ec780000)
 ParOldGen       total 35328K, used 2165K [0x00000000c0000000, 0x00000000c2280000, 0x00000000eaa80000)
  object space 35328K, 6% used [0x00000000c0000000,0x00000000c021d420,0x00000000c2280000)
 PSPermGen       total 21504K, used 6088K [0x00000000b5a00000, 0x00000000b6f00000, 0x00000000c0000000)
  object space 21504K, 28% used [0x00000000b5a00000,0x00000000b5ff2248,0x00000000b6f00000)
}
Event: 10,241 GC heap before
{Heap before GC invocations=3 (full 0):
 PSYoungGen      total 29696K, used 29681K [0x00000000eaa80000, 0x00000000ec980000, 0x0000000100000000)
  eden space 27648K, 100% used [0x00000000eaa80000,0x00000000ec580000,0x00000000ec580000)
  from space 2048K, 99% used [0x00000000ec780000,0x00000000ec97c688,0x00000000ec980000)
  to   space 2048K, 0% used [0x00000000ec580000,0x00000000ec580000,0x00000000ec780000)
 ParOldGen       total 35328K, used 2165K [0x00000000c0000000, 0x00000000c2280000, 0x00000000eaa80000)
  object space 35328K, 6% used [0x00000000c0000000,0x00000000c021d420,0x00000000c2280000)
 PSPermGen       total 21504K, used 6236K [0x00000000b5a00000, 0x00000000b6f00000, 0x00000000c0000000)
  object space 21504K, 29% used [0x00000000b5a00000,0x00000000b6017148,0x00000000b6f00000)
Event: 10,325 GC heap after
Heap after GC invocations=3 (full 0):
 PSYoungGen      total 29696K, used 2040K [0x00000000eaa80000, 0x00000000ee480000, 0x0000000100000000)
  eden space 27648K, 0% used [0x00000000eaa80000,0x00000000eaa80000,0x00000000ec580000)
  from space 2048K, 99% used [0x00000000ec580000,0x00000000ec77e3e8,0x00000000ec780000)
  to   space 2048K, 0% used [0x00000000ee280000,0x00000000ee280000,0x00000000ee480000)
 ParOldGen       total 35328K, used 6815K [0x00000000c0000000, 0x00000000c2280000, 0x00000000eaa80000)
  object space 35328K, 19% used [0x00000000c0000000,0x00000000c06a7f58,0x00000000c2280000)
 PSPermGen       total 21504K, used 6236K [0x00000000b5a00000, 0x00000000b6f00000, 0x00000000c0000000)
  object space 21504K, 29% used [0x00000000b5a00000,0x00000000b6017148,0x00000000b6f00000)
}
Event: 15,871 GC heap before
{Heap before GC invocations=4 (full 0):
 PSYoungGen      total 29696K, used 29688K [0x00000000eaa80000, 0x00000000ee480000, 0x0000000100000000)
  eden space 27648K, 100% used [0x00000000eaa80000,0x00000000ec580000,0x00000000ec580000)
  from space 2048K, 99% used [0x00000000ec580000,0x00000000ec77e3e8,0x00000000ec780000)
  to   space 2048K, 0% used [0x00000000ee280000,0x00000000ee280000,0x00000000ee480000)
 ParOldGen       total 35328K, used 6815K [0x00000000c0000000, 0x00000000c2280000, 0x00000000eaa80000)
  object space 35328K, 19% used [0x00000000c0000000,0x00000000c06a7f58,0x00000000c2280000)
 PSPermGen       total 21504K, used 6285K [0x00000000b5a00000, 0x00000000b6f00000, 0x00000000c0000000)
  object space 21504K, 29% used [0x00000000b5a00000,0x00000000b60234f8,0x00000000b6f00000)
Event: 16,017 GC heap after
Heap after GC invocations=4 (full 0):
 PSYoungGen      total 57344K, used 2020K [0x00000000eaa80000, 0x00000000ee480000, 0x0000000100000000)
  eden space 55296K, 0% used [0x00000000eaa80000,0x00000000eaa80000,0x00000000ee080000)
  from space 2048K, 98% used [0x00000000ee280000,0x00000000ee479340,0x00000000ee480000)
  to   space 2048K, 0% used [0x00000000ee080000,0x00000000ee080000,0x00000000ee280000)
 ParOldGen       total 35328K, used 11396K [0x00000000c0000000, 0x00000000c2280000, 0x00000000eaa80000)
  object space 35328K, 32% used [0x00000000c0000000,0x00000000c0b21110,0x00000000c2280000)
 PSPermGen       total 21504K, used 6285K [0x00000000b5a00000, 0x00000000b6f00000, 0x00000000c0000000)
  object space 21504K, 29% used [0x00000000b5a00000,0x00000000b60234f8,0x00000000b6f00000)
}
Event: 24,699 GC heap before
{Heap before GC invocations=5 (full 0):
 PSYoungGen      total 57344K, used 57316K [0x00000000eaa80000, 0x00000000ee480000, 0x0000000100000000)
  eden space 55296K, 100% used [0x00000000eaa80000,0x00000000ee080000,0x00000000ee080000)
  from space 2048K, 98% used [0x00000000ee280000,0x00000000ee479340,0x00000000ee480000)
  to   space 2048K, 0% used [0x00000000ee080000,0x00000000ee080000,0x00000000ee280000)
 ParOldGen       total 35328K, used 11396K [0x00000000c0000000, 0x00000000c2280000, 0x00000000eaa80000)
  object space 35328K, 32% used [0x00000000c0000000,0x00000000c0b21110,0x00000000c2280000)
 PSPermGen       total 21504K, used 6328K [0x00000000b5a00000, 0x00000000b6f00000, 0x00000000c0000000)
  object space 21504K, 29% used [0x00000000b5a00000,0x00000000b602e188,0x00000000b6f00000)
Event: 24,854 GC heap after
Heap after GC invocations=5 (full 0):
 PSYoungGen      total 57344K, used 2040K [0x00000000eaa80000, 0x00000000f2e80000, 0x0000000100000000)
  eden space 55296K, 0% used [0x00000000eaa80000,0x00000000eaa80000,0x00000000ee080000)
  from space 2048K, 99% used [0x00000000ee080000,0x00000000ee27e0c0,0x00000000ee280000)
  to   space 12288K, 0% used [0x00000000f2280000,0x00000000f2280000,0x00000000f2e80000)
 ParOldGen       total 35328K, used 20267K [0x00000000c0000000, 0x00000000c2280000, 0x00000000eaa80000)
  object space 35328K, 57% used [0x00000000c0000000,0x00000000c13cadb8,0x00000000c2280000)
 PSPermGen       total 21504K, used 6328K [0x00000000b5a00000, 0x00000000b6f00000, 0x00000000c0000000)
  object space 21504K, 29% used [0x00000000b5a00000,0x00000000b602e188,0x00000000b6f00000)
}
Event: 32,191 GC heap before
{Heap before GC invocations=6 (full 0):
 PSYoungGen      total 57344K, used 57336K [0x00000000eaa80000, 0x00000000f2e80000, 0x0000000100000000)
  eden space 55296K, 100% used [0x00000000eaa80000,0x00000000ee080000,0x00000000ee080000)
  from space 2048K, 99% used [0x00000000ee080000,0x00000000ee27e0c0,0x00000000ee280000)
  to   space 12288K, 0% used [0x00000000f2280000,0x00000000f2280000,0x00000000f2e80000)
 ParOldGen       total 35328K, used 20267K [0x00000000c0000000, 0x00000000c2280000, 0x00000000eaa80000)
  object space 35328K, 57% used [0x00000000c0000000,0x00000000c13cadb8,0x00000000c2280000)
 PSPermGen       total 21504K, used 6363K [0x00000000b5a00000, 0x00000000b6f00000, 0x00000000c0000000)
  object space 21504K, 29% used [0x00000000b5a00000,0x00000000b6036ee8,0x00000000b6f00000)
Event: 32,366 GC heap after
Heap after GC invocations=6 (full 0):
 PSYoungGen      total 121856K, used 9859K [0x00000000eaa80000, 0x00000000f3080000, 0x0000000100000000)
  eden space 109568K, 0% used [0x00000000eaa80000,0x00000000eaa80000,0x00000000f1580000)
  from space 12288K, 80% used [0x00000000f2280000,0x00000000f2c20e70,0x00000000f2e80000)
  to   space 13312K, 0% used [0x00000000f1580000,0x00000000f1580000,0x00000000f2280000)
 ParOldGen       total 35328K, used 20267K [0x00000000c0000000, 0x00000000c2280000, 0x00000000eaa80000)
  object space 35328K, 57% used [0x00000000c0000000,0x00000000c13cadb8,0x00000000c2280000)
 PSPermGen       total 21504K, used 6363K [0x00000000b5a00000, 0x00000000b6f00000, 0x00000000c0000000)
  object space 21504K, 29% used [0x00000000b5a00000,0x00000000b6036ee8,0x00000000b6f00000)
}
Event: 43,852 GC heap before
{Heap before GC invocations=7 (full 0):
 PSYoungGen      total 121856K, used 119427K [0x00000000eaa80000, 0x00000000f3080000, 0x0000000100000000)
  eden space 109568K, 100% used [0x00000000eaa80000,0x00000000f1580000,0x00000000f1580000)
  from space 12288K, 80% used [0x00000000f2280000,0x00000000f2c20e70,0x00000000f2e80000)
  to   space 13312K, 0% used [0x00000000f1580000,0x00000000f1580000,0x00000000f2280000)
 ParOldGen       total 35328K, used 20267K [0x00000000c0000000, 0x00000000c2280000, 0x00000000eaa80000)
  object space 35328K, 57% used [0x00000000c0000000,0x00000000c13cadb8,0x00000000c2280000)
 PSPermGen       total 21504K, used 6401K [0x00000000b5a00000, 0x00000000b6f00000, 0x00000000c0000000)
  object space 21504K, 29% used [0x00000000b5a00000,0x00000000b6040428,0x00000000b6f00000)

