# JRE version: OpenJDK Runtime Environment (7.0_101) (build 1.7.0_101-b00)
# Java VM: OpenJDK 64-Bit Server VM (24.95-b01 mixed mode linux-amd64 compressed oops)
Heap
 PSYoungGen      total 123392K, used 14826K [0x00000000eaa80000, 0x00000000f3380000, 0x0000000100000000)
  eden space 108544K, 0% used [0x00000000eaa80000,0x00000000eaa80000,0x00000000f1480000)
  from space 14848K, 99% used [0x00000000f1480000,0x00000000f22fa810,0x00000000f2300000)
  to   space 12800K, 0% used [0x00000000f2300000,0x00000000f2300000,0x00000000f2f80000)
 ParOldGen       total 35328K, used 32865K [0x00000000c0000000, 0x00000000c2280000, 0x00000000eaa80000)
  object space 35328K, 93% used [0x00000000c0000000,0x00000000c2018760,0x00000000c2280000)
 PSPermGen       total 21504K, used 6405K [0x00000000b5a00000, 0x00000000b6f00000, 0x00000000c0000000)
  object space 21504K, 29% used [0x00000000b5a00000,0x00000000b6041588,0x00000000b6f00000)
GC Heap History (10 events):
Event: 3,869 GC heap after
Heap after GC invocations=2 (full 0):
 PSYoungGen      total 29696K, used 2042K [0x00000000eaa80000, 0x00000000ec980000, 0x0000000100000000)
  eden space 27648K, 0% used [0x00000000eaa80000,0x00000000eaa80000,0x00000000ec580000)
  from space 2048K, 99% used [0x00000000ec780000,0x00000000ec97e8e8,0x00000000ec980000)
  to   space 2048K, 0% used [0x00000000ec580000,0x00000000ec580000,0x00000000ec780000)
 ParOldGen       total 35328K, used 1843K [0x00000000c0000000, 0x00000000c2280000, 0x00000000eaa80000)
  object space 35328K, 5% used [0x00000000c0000000,0x00000000c01cce40,0x00000000c2280000)
 PSPermGen       total 21504K, used 5989K [0x00000000b5a00000, 0x00000000b6f00000, 0x00000000c0000000)
  object space 21504K, 27% used [0x00000000b5a00000,0x00000000b5fd9740,0x00000000b6f00000)
}
Event: 10,409 GC heap before
{Heap before GC invocations=3 (full 0):
 PSYoungGen      total 29696K, used 29690K [0x00000000eaa80000, 0x00000000ec980000, 0x0000000100000000)
  eden space 27648K, 100% used [0x00000000eaa80000,0x00000000ec580000,0x00000000ec580000)
  from space 2048K, 99% used [0x00000000ec780000,0x00000000ec97e8e8,0x00000000ec980000)
  to   space 2048K, 0% used [0x00000000ec580000,0x00000000ec580000,0x00000000ec780000)
 ParOldGen       total 35328K, used 1843K [0x00000000c0000000, 0x00000000c2280000, 0x00000000eaa80000)
  object space 35328K, 5% used [0x00000000c0000000,0x00000000c01cce40,0x00000000c2280000)
 PSPermGen       total 21504K, used 6224K [0x00000000b5a00000, 0x00000000b6f00000, 0x00000000c0000000)
  object space 21504K, 28% used [0x00000000b5a00000,0x00000000b6014210,0x00000000b6f00000)
Event: 10,568 GC heap after
Heap after GC invocations=3 (full 0):
 PSYoungGen      total 29696K, used 2017K [0x00000000eaa80000, 0x00000000ee480000, 0x0000000100000000)
  eden space 27648K, 0% used [0x00000000eaa80000,0x00000000eaa80000,0x00000000ec580000)
  from space 2048K, 98% used [0x00000000ec580000,0x00000000ec778718,0x00000000ec780000)
  to   space 2048K, 0% used [0x00000000ee280000,0x00000000ee280000,0x00000000ee480000)
 ParOldGen       total 35328K, used 6761K [0x00000000c0000000, 0x00000000c2280000, 0x00000000eaa80000)
  object space 35328K, 19% used [0x00000000c0000000,0x00000000c069a6d0,0x00000000c2280000)
 PSPermGen       total 21504K, used 6224K [0x00000000b5a00000, 0x00000000b6f00000, 0x00000000c0000000)
  object space 21504K, 28% used [0x00000000b5a00000,0x00000000b6014210,0x00000000b6f00000)
}
Event: 15,933 GC heap before
{Heap before GC invocations=4 (full 0):
 PSYoungGen      total 29696K, used 29665K [0x00000000eaa80000, 0x00000000ee480000, 0x0000000100000000)
  eden space 27648K, 100% used [0x00000000eaa80000,0x00000000ec580000,0x00000000ec580000)
  from space 2048K, 98% used [0x00000000ec580000,0x00000000ec778718,0x00000000ec780000)
  to   space 2048K, 0% used [0x00000000ee280000,0x00000000ee280000,0x00000000ee480000)
 ParOldGen       total 35328K, used 6761K [0x00000000c0000000, 0x00000000c2280000, 0x00000000eaa80000)
  object space 35328K, 19% used [0x00000000c0000000,0x00000000c069a6d0,0x00000000c2280000)
 PSPermGen       total 21504K, used 6274K [0x00000000b5a00000, 0x00000000b6f00000, 0x00000000c0000000)
  object space 21504K, 29% used [0x00000000b5a00000,0x00000000b6020b88,0x00000000b6f00000)
Event: 16,141 GC heap after
Heap after GC invocations=4 (full 0):
 PSYoungGen      total 57344K, used 2033K [0x00000000eaa80000, 0x00000000ee480000, 0x0000000100000000)
  eden space 55296K, 0% used [0x00000000eaa80000,0x00000000eaa80000,0x00000000ee080000)
  from space 2048K, 99% used [0x00000000ee280000,0x00000000ee47c708,0x00000000ee480000)
  to   space 2048K, 0% used [0x00000000ee080000,0x00000000ee080000,0x00000000ee280000)
 ParOldGen       total 35328K, used 11192K [0x00000000c0000000, 0x00000000c2280000, 0x00000000eaa80000)
  object space 35328K, 31% used [0x00000000c0000000,0x00000000c0aee120,0x00000000c2280000)
 PSPermGen       total 21504K, used 6274K [0x00000000b5a00000, 0x00000000b6f00000, 0x00000000c0000000)
  object space 21504K, 29% used [0x00000000b5a00000,0x00000000b6020b88,0x00000000b6f00000)
}
Event: 24,977 GC heap before
{Heap before GC invocations=5 (full 0):
 PSYoungGen      total 57344K, used 57329K [0x00000000eaa80000, 0x00000000ee480000, 0x0000000100000000)
  eden space 55296K, 100% used [0x00000000eaa80000,0x00000000ee080000,0x00000000ee080000)
  from space 2048K, 99% used [0x00000000ee280000,0x00000000ee47c708,0x00000000ee480000)
  to   space 2048K, 0% used [0x00000000ee080000,0x00000000ee080000,0x00000000ee280000)
 ParOldGen       total 35328K, used 11192K [0x00000000c0000000, 0x00000000c2280000, 0x00000000eaa80000)
  object space 35328K, 31% used [0x00000000c0000000,0x00000000c0aee120,0x00000000c2280000)
 PSPermGen       total 21504K, used 6321K [0x00000000b5a00000, 0x00000000b6f00000, 0x00000000c0000000)
  object space 21504K, 29% used [0x00000000b5a00000,0x00000000b602c670,0x00000000b6f00000)
Event: 25,171 GC heap after
Heap after GC invocations=5 (full 0):
 PSYoungGen      total 57344K, used 2017K [0x00000000eaa80000, 0x00000000f2f80000, 0x0000000100000000)
  eden space 55296K, 0% used [0x00000000eaa80000,0x00000000eaa80000,0x00000000ee080000)
  from space 2048K, 98% used [0x00000000ee080000,0x00000000ee2786f8,0x00000000ee280000)
  to   space 12800K, 0% used [0x00000000f2300000,0x00000000f2300000,0x00000000f2f80000)
 ParOldGen       total 35328K, used 19823K [0x00000000c0000000, 0x00000000c2280000, 0x00000000eaa80000)
  object space 35328K, 56% used [0x00000000c0000000,0x00000000c135bce0,0x00000000c2280000)
 PSPermGen       total 21504K, used 6321K [0x00000000b5a00000, 0x00000000b6f00000, 0x00000000c0000000)
  object space 21504K, 29% used [0x00000000b5a00000,0x00000000b602c670,0x00000000b6f00000)
}
Event: 31,741 GC heap before
{Heap before GC invocations=6 (full 0):
 PSYoungGen      total 57344K, used 57313K [0x00000000eaa80000, 0x00000000f2f80000, 0x0000000100000000)
  eden space 55296K, 100% used [0x00000000eaa80000,0x00000000ee080000,0x00000000ee080000)
  from space 2048K, 98% used [0x00000000ee080000,0x00000000ee2786f8,0x00000000ee280000)
  to   space 12800K, 0% used [0x00000000f2300000,0x00000000f2300000,0x00000000f2f80000)
 ParOldGen       total 35328K, used 19823K [0x00000000c0000000, 0x00000000c2280000, 0x00000000eaa80000)
  object space 35328K, 56% used [0x00000000c0000000,0x00000000c135bce0,0x00000000c2280000)
 PSPermGen       total 21504K, used 6362K [0x00000000b5a00000, 0x00000000b6f00000, 0x00000000c0000000)
  object space 21504K, 29% used [0x00000000b5a00000,0x00000000b6036830,0x00000000b6f00000)
Event: 32,032 GC heap after
Heap after GC invocations=6 (full 0):
 PSYoungGen      total 121344K, used 10849K [0x00000000eaa80000, 0x00000000f3380000, 0x0000000100000000)
  eden space 108544K, 0% used [0x00000000eaa80000,0x00000000eaa80000,0x00000000f1480000)
  from space 12800K, 84% used [0x00000000f2300000,0x00000000f2d986f8,0x00000000f2f80000)
  to   space 14848K, 0% used [0x00000000f1480000,0x00000000f1480000,0x00000000f2300000)
 ParOldGen       total 35328K, used 19823K [0x00000000c0000000, 0x00000000c2280000, 0x00000000eaa80000)
  object space 35328K, 56% used [0x00000000c0000000,0x00000000c135bce0,0x00000000c2280000)
 PSPermGen       total 21504K, used 6362K [0x00000000b5a00000, 0x00000000b6f00000, 0x00000000c0000000)
  object space 21504K, 29% used [0x00000000b5a00000,0x00000000b6036830,0x00000000b6f00000)
}
Event: 43,609 GC heap before
{Heap before GC invocations=7 (full 0):
 PSYoungGen      total 121344K, used 119393K [0x00000000eaa80000, 0x00000000f3380000, 0x0000000100000000)
  eden space 108544K, 100% used [0x00000000eaa80000,0x00000000f1480000,0x00000000f1480000)
  from space 12800K, 84% used [0x00000000f2300000,0x00000000f2d986f8,0x00000000f2f80000)
  to   space 14848K, 0% used [0x00000000f1480000,0x00000000f1480000,0x00000000f2300000)
 ParOldGen       total 35328K, used 19823K [0x00000000c0000000, 0x00000000c2280000, 0x00000000eaa80000)
  object space 35328K, 56% used [0x00000000c0000000,0x00000000c135bce0,0x00000000c2280000)
 PSPermGen       total 21504K, used 6405K [0x00000000b5a00000, 0x00000000b6f00000, 0x00000000c0000000)
  object space 21504K, 29% used [0x00000000b5a00000,0x00000000b6041588,0x00000000b6f00000)

