# JRE version: OpenJDK Runtime Environment (7.0_101) (build 1.7.0_101-b00)
# Java VM: OpenJDK 64-Bit Server VM (24.95-b01 mixed mode linux-amd64 compressed oops)
Heap
 PSYoungGen      total 123392K, used 14833K [0x00000000eaa80000, 0x00000000f3380000, 0x0000000100000000)
  eden space 108544K, 0% used [0x00000000eaa80000,0x00000000eaa80000,0x00000000f1480000)
  from space 14848K, 99% used [0x00000000f1480000,0x00000000f22fc7d0,0x00000000f2300000)
  to   space 12800K, 0% used [0x00000000f2300000,0x00000000f2300000,0x00000000f2f80000)
 ParOldGen       total 35328K, used 33466K [0x00000000c0000000, 0x00000000c2280000, 0x00000000eaa80000)
  object space 35328K, 94% used [0x00000000c0000000,0x00000000c20ae9e0,0x00000000c2280000)
 PSPermGen       total 21504K, used 6404K [0x00000000b5a00000, 0x00000000b6f00000, 0x00000000c0000000)
  object space 21504K, 29% used [0x00000000b5a00000,0x00000000b60413b8,0x00000000b6f00000)
GC Heap History (10 events):
Event: 2,567 GC heap after
Heap after GC invocations=2 (full 0):
 PSYoungGen      total 29696K, used 2026K [0x00000000eaa80000, 0x00000000ec980000, 0x0000000100000000)
  eden space 27648K, 0% used [0x00000000eaa80000,0x00000000eaa80000,0x00000000ec580000)
  from space 2048K, 98% used [0x00000000ec780000,0x00000000ec97a8f8,0x00000000ec980000)
  to   space 2048K, 0% used [0x00000000ec580000,0x00000000ec580000,0x00000000ec780000)
 ParOldGen       total 35328K, used 1901K [0x00000000c0000000, 0x00000000c2280000, 0x00000000eaa80000)
  object space 35328K, 5% used [0x00000000c0000000,0x00000000c01db768,0x00000000c2280000)
 PSPermGen       total 21504K, used 5992K [0x00000000b5a00000, 0x00000000b6f00000, 0x00000000c0000000)
  object space 21504K, 27% used [0x00000000b5a00000,0x00000000b5fda128,0x00000000b6f00000)
}
Event: 7,513 GC heap before
{Heap before GC invocations=3 (full 0):
 PSYoungGen      total 29696K, used 29674K [0x00000000eaa80000, 0x00000000ec980000, 0x0000000100000000)
  eden space 27648K, 100% used [0x00000000eaa80000,0x00000000ec580000,0x00000000ec580000)
  from space 2048K, 98% used [0x00000000ec780000,0x00000000ec97a8f8,0x00000000ec980000)
  to   space 2048K, 0% used [0x00000000ec580000,0x00000000ec580000,0x00000000ec780000)
 ParOldGen       total 35328K, used 1901K [0x00000000c0000000, 0x00000000c2280000, 0x00000000eaa80000)
  object space 35328K, 5% used [0x00000000c0000000,0x00000000c01db768,0x00000000c2280000)
 PSPermGen       total 21504K, used 6223K [0x00000000b5a00000, 0x00000000b6f00000, 0x00000000c0000000)
  object space 21504K, 28% used [0x00000000b5a00000,0x00000000b6013e10,0x00000000b6f00000)
Event: 7,611 GC heap after
Heap after GC invocations=3 (full 0):
 PSYoungGen      total 29696K, used 2019K [0x00000000eaa80000, 0x00000000ee480000, 0x0000000100000000)
  eden space 27648K, 0% used [0x00000000eaa80000,0x00000000eaa80000,0x00000000ec580000)
  from space 2048K, 98% used [0x00000000ec580000,0x00000000ec778cb8,0x00000000ec780000)
  to   space 2048K, 0% used [0x00000000ee280000,0x00000000ee280000,0x00000000ee480000)
 ParOldGen       total 35328K, used 6702K [0x00000000c0000000, 0x00000000c2280000, 0x00000000eaa80000)
  object space 35328K, 18% used [0x00000000c0000000,0x00000000c068ba10,0x00000000c2280000)
 PSPermGen       total 21504K, used 6223K [0x00000000b5a00000, 0x00000000b6f00000, 0x00000000c0000000)
  object space 21504K, 28% used [0x00000000b5a00000,0x00000000b6013e10,0x00000000b6f00000)
}
Event: 12,364 GC heap before
{Heap before GC invocations=4 (full 0):
 PSYoungGen      total 29696K, used 29667K [0x00000000eaa80000, 0x00000000ee480000, 0x0000000100000000)
  eden space 27648K, 100% used [0x00000000eaa80000,0x00000000ec580000,0x00000000ec580000)
  from space 2048K, 98% used [0x00000000ec580000,0x00000000ec778cb8,0x00000000ec780000)
  to   space 2048K, 0% used [0x00000000ee280000,0x00000000ee280000,0x00000000ee480000)
 ParOldGen       total 35328K, used 6702K [0x00000000c0000000, 0x00000000c2280000, 0x00000000eaa80000)
  object space 35328K, 18% used [0x00000000c0000000,0x00000000c068ba10,0x00000000c2280000)
 PSPermGen       total 21504K, used 6276K [0x00000000b5a00000, 0x00000000b6f00000, 0x00000000c0000000)
  object space 21504K, 29% used [0x00000000b5a00000,0x00000000b6021320,0x00000000b6f00000)
Event: 12,450 GC heap after
Heap after GC invocations=4 (full 0):
 PSYoungGen      total 57344K, used 2034K [0x00000000eaa80000, 0x00000000ee480000, 0x0000000100000000)
  eden space 55296K, 0% used [0x00000000eaa80000,0x00000000eaa80000,0x00000000ee080000)
  from space 2048K, 99% used [0x00000000ee280000,0x00000000ee47c988,0x00000000ee480000)
  to   space 2048K, 0% used [0x00000000ee080000,0x00000000ee080000,0x00000000ee280000)
 ParOldGen       total 35328K, used 11304K [0x00000000c0000000, 0x00000000c2280000, 0x00000000eaa80000)
  object space 35328K, 31% used [0x00000000c0000000,0x00000000c0b0a2b0,0x00000000c2280000)
 PSPermGen       total 21504K, used 6276K [0x00000000b5a00000, 0x00000000b6f00000, 0x00000000c0000000)
  object space 21504K, 29% used [0x00000000b5a00000,0x00000000b6021320,0x00000000b6f00000)
}
Event: 21,332 GC heap before
{Heap before GC invocations=5 (full 0):
 PSYoungGen      total 57344K, used 57330K [0x00000000eaa80000, 0x00000000ee480000, 0x0000000100000000)
  eden space 55296K, 100% used [0x00000000eaa80000,0x00000000ee080000,0x00000000ee080000)
  from space 2048K, 99% used [0x00000000ee280000,0x00000000ee47c988,0x00000000ee480000)
  to   space 2048K, 0% used [0x00000000ee080000,0x00000000ee080000,0x00000000ee280000)
 ParOldGen       total 35328K, used 11304K [0x00000000c0000000, 0x00000000c2280000, 0x00000000eaa80000)
  object space 35328K, 31% used [0x00000000c0000000,0x00000000c0b0a2b0,0x00000000c2280000)
 PSPermGen       total 21504K, used 6321K [0x00000000b5a00000, 0x00000000b6f00000, 0x00000000c0000000)
  object space 21504K, 29% used [0x00000000b5a00000,0x00000000b602c448,0x00000000b6f00000)
Event: 21,507 GC heap after
Heap after GC invocations=5 (full 0):
 PSYoungGen      total 57344K, used 2037K [0x00000000eaa80000, 0x00000000f2f80000, 0x0000000100000000)
  eden space 55296K, 0% used [0x00000000eaa80000,0x00000000eaa80000,0x00000000ee080000)
  from space 2048K, 99% used [0x00000000ee080000,0x00000000ee27d420,0x00000000ee280000)
  to   space 12800K, 0% used [0x00000000f2300000,0x00000000f2300000,0x00000000f2f80000)
 ParOldGen       total 35328K, used 20030K [0x00000000c0000000, 0x00000000c2280000, 0x00000000eaa80000)
  object space 35328K, 56% used [0x00000000c0000000,0x00000000c138f940,0x00000000c2280000)
 PSPermGen       total 21504K, used 6321K [0x00000000b5a00000, 0x00000000b6f00000, 0x00000000c0000000)
  object space 21504K, 29% used [0x00000000b5a00000,0x00000000b602c448,0x00000000b6f00000)
}
Event: 28,497 GC heap before
{Heap before GC invocations=6 (full 0):
 PSYoungGen      total 57344K, used 57333K [0x00000000eaa80000, 0x00000000f2f80000, 0x0000000100000000)
  eden space 55296K, 100% used [0x00000000eaa80000,0x00000000ee080000,0x00000000ee080000)
  from space 2048K, 99% used [0x00000000ee080000,0x00000000ee27d420,0x00000000ee280000)
  to   space 12800K, 0% used [0x00000000f2300000,0x00000000f2300000,0x00000000f2f80000)
 ParOldGen       total 35328K, used 20030K [0x00000000c0000000, 0x00000000c2280000, 0x00000000eaa80000)
  object space 35328K, 56% used [0x00000000c0000000,0x00000000c138f940,0x00000000c2280000)
 PSPermGen       total 21504K, used 6361K [0x00000000b5a00000, 0x00000000b6f00000, 0x00000000c0000000)
  object space 21504K, 29% used [0x00000000b5a00000,0x00000000b60365d0,0x00000000b6f00000)
Event: 28,732 GC heap after
Heap after GC invocations=6 (full 0):
 PSYoungGen      total 121344K, used 11109K [0x00000000eaa80000, 0x00000000f3380000, 0x0000000100000000)
  eden space 108544K, 0% used [0x00000000eaa80000,0x00000000eaa80000,0x00000000f1480000)
  from space 12800K, 86% used [0x00000000f2300000,0x00000000f2dd9600,0x00000000f2f80000)
  to   space 14848K, 0% used [0x00000000f1480000,0x00000000f1480000,0x00000000f2300000)
 ParOldGen       total 35328K, used 20030K [0x00000000c0000000, 0x00000000c2280000, 0x00000000eaa80000)
  object space 35328K, 56% used [0x00000000c0000000,0x00000000c138f940,0x00000000c2280000)
 PSPermGen       total 21504K, used 6361K [0x00000000b5a00000, 0x00000000b6f00000, 0x00000000c0000000)
  object space 21504K, 29% used [0x00000000b5a00000,0x00000000b60365d0,0x00000000b6f00000)
}
Event: 41,868 GC heap before
{Heap before GC invocations=7 (full 0):
 PSYoungGen      total 121344K, used 119653K [0x00000000eaa80000, 0x00000000f3380000, 0x0000000100000000)
  eden space 108544K, 100% used [0x00000000eaa80000,0x00000000f1480000,0x00000000f1480000)
  from space 12800K, 86% used [0x00000000f2300000,0x00000000f2dd9600,0x00000000f2f80000)
  to   space 14848K, 0% used [0x00000000f1480000,0x00000000f1480000,0x00000000f2300000)
 ParOldGen       total 35328K, used 20030K [0x00000000c0000000, 0x00000000c2280000, 0x00000000eaa80000)
  object space 35328K, 56% used [0x00000000c0000000,0x00000000c138f940,0x00000000c2280000)
 PSPermGen       total 21504K, used 6404K [0x00000000b5a00000, 0x00000000b6f00000, 0x00000000c0000000)
  object space 21504K, 29% used [0x00000000b5a00000,0x00000000b60413b8,0x00000000b6f00000)

