# JRE version: OpenJDK Runtime Environment (7.0_101) (build 1.7.0_101-b00)
# Java VM: OpenJDK 64-Bit Server VM (24.95-b01 mixed mode linux-amd64 compressed oops)
Heap
 PSYoungGen      total 122880K, used 13291K [0x00000000eaa80000, 0x00000000f3080000, 0x0000000100000000)
  eden space 109568K, 0% used [0x00000000eaa80000,0x00000000eaa80000,0x00000000f1580000)
  from space 13312K, 99% used [0x00000000f1580000,0x00000000f227add8,0x00000000f2280000)
  to   space 12288K, 0% used [0x00000000f2280000,0x00000000f2280000,0x00000000f2e80000)
 ParOldGen       total 35328K, used 32445K [0x00000000c0000000, 0x00000000c2280000, 0x00000000eaa80000)
  object space 35328K, 91% used [0x00000000c0000000,0x00000000c1faf400,0x00000000c2280000)
 PSPermGen       total 21504K, used 6403K [0x00000000b5a00000, 0x00000000b6f00000, 0x00000000c0000000)
  object space 21504K, 29% used [0x00000000b5a00000,0x00000000b6040fb0,0x00000000b6f00000)
GC Heap History (10 events):
Event: 3,655 GC heap after
Heap after GC invocations=2 (full 0):
 PSYoungGen      total 29696K, used 2024K [0x00000000eaa80000, 0x00000000ec980000, 0x0000000100000000)
  eden space 27648K, 0% used [0x00000000eaa80000,0x00000000eaa80000,0x00000000ec580000)
  from space 2048K, 98% used [0x00000000ec780000,0x00000000ec97a2e8,0x00000000ec980000)
  to   space 2048K, 0% used [0x00000000ec580000,0x00000000ec580000,0x00000000ec780000)
 ParOldGen       total 35328K, used 2119K [0x00000000c0000000, 0x00000000c2280000, 0x00000000eaa80000)
  object space 35328K, 6% used [0x00000000c0000000,0x00000000c0211fe0,0x00000000c2280000)
 PSPermGen       total 21504K, used 6095K [0x00000000b5a00000, 0x00000000b6f00000, 0x00000000c0000000)
  object space 21504K, 28% used [0x00000000b5a00000,0x00000000b5ff3fe0,0x00000000b6f00000)
}
Event: 8,263 GC heap before
{Heap before GC invocations=3 (full 0):
 PSYoungGen      total 29696K, used 29672K [0x00000000eaa80000, 0x00000000ec980000, 0x0000000100000000)
  eden space 27648K, 100% used [0x00000000eaa80000,0x00000000ec580000,0x00000000ec580000)
  from space 2048K, 98% used [0x00000000ec780000,0x00000000ec97a2e8,0x00000000ec980000)
  to   space 2048K, 0% used [0x00000000ec580000,0x00000000ec580000,0x00000000ec780000)
 ParOldGen       total 35328K, used 2119K [0x00000000c0000000, 0x00000000c2280000, 0x00000000eaa80000)
  object space 35328K, 6% used [0x00000000c0000000,0x00000000c0211fe0,0x00000000c2280000)
 PSPermGen       total 21504K, used 6238K [0x00000000b5a00000, 0x00000000b6f00000, 0x00000000c0000000)
  object space 21504K, 29% used [0x00000000b5a00000,0x00000000b6017bf8,0x00000000b6f00000)
Event: 8,383 GC heap after
Heap after GC invocations=3 (full 0):
 PSYoungGen      total 29696K, used 2040K [0x00000000eaa80000, 0x00000000ee480000, 0x0000000100000000)
  eden space 27648K, 0% used [0x00000000eaa80000,0x00000000eaa80000,0x00000000ec580000)
  from space 2048K, 99% used [0x00000000ec580000,0x00000000ec77e3c0,0x00000000ec780000)
  to   space 2048K, 0% used [0x00000000ee280000,0x00000000ee280000,0x00000000ee480000)
 ParOldGen       total 35328K, used 6760K [0x00000000c0000000, 0x00000000c2280000, 0x00000000eaa80000)
  object space 35328K, 19% used [0x00000000c0000000,0x00000000c069a3a8,0x00000000c2280000)
 PSPermGen       total 21504K, used 6238K [0x00000000b5a00000, 0x00000000b6f00000, 0x00000000c0000000)
  object space 21504K, 29% used [0x00000000b5a00000,0x00000000b6017bf8,0x00000000b6f00000)
}
Event: 13,149 GC heap before
{Heap before GC invocations=4 (full 0):
 PSYoungGen      total 29696K, used 29688K [0x00000000eaa80000, 0x00000000ee480000, 0x0000000100000000)
  eden space 27648K, 100% used [0x00000000eaa80000,0x00000000ec580000,0x00000000ec580000)
  from space 2048K, 99% used [0x00000000ec580000,0x00000000ec77e3c0,0x00000000ec780000)
  to   space 2048K, 0% used [0x00000000ee280000,0x00000000ee280000,0x00000000ee480000)
 ParOldGen       total 35328K, used 6760K [0x00000000c0000000, 0x00000000c2280000, 0x00000000eaa80000)
  object space 35328K, 19% used [0x00000000c0000000,0x00000000c069a3a8,0x00000000c2280000)
 PSPermGen       total 21504K, used 6277K [0x00000000b5a00000, 0x00000000b6f00000, 0x00000000c0000000)
  object space 21504K, 29% used [0x00000000b5a00000,0x00000000b60215b8,0x00000000b6f00000)
Event: 13,239 GC heap after
Heap after GC invocations=4 (full 0):
 PSYoungGen      total 57344K, used 2039K [0x00000000eaa80000, 0x00000000ee480000, 0x0000000100000000)
  eden space 55296K, 0% used [0x00000000eaa80000,0x00000000eaa80000,0x00000000ee080000)
  from space 2048K, 99% used [0x00000000ee280000,0x00000000ee47dc58,0x00000000ee480000)
  to   space 2048K, 0% used [0x00000000ee080000,0x00000000ee080000,0x00000000ee280000)
 ParOldGen       total 35328K, used 11379K [0x00000000c0000000, 0x00000000c2280000, 0x00000000eaa80000)
  object space 35328K, 32% used [0x00000000c0000000,0x00000000c0b1ce10,0x00000000c2280000)
 PSPermGen       total 21504K, used 6277K [0x00000000b5a00000, 0x00000000b6f00000, 0x00000000c0000000)
  object space 21504K, 29% used [0x00000000b5a00000,0x00000000b60215b8,0x00000000b6f00000)
}
Event: 22,421 GC heap before
{Heap before GC invocations=5 (full 0):
 PSYoungGen      total 57344K, used 57335K [0x00000000eaa80000, 0x00000000ee480000, 0x0000000100000000)
  eden space 55296K, 100% used [0x00000000eaa80000,0x00000000ee080000,0x00000000ee080000)
  from space 2048K, 99% used [0x00000000ee280000,0x00000000ee47dc58,0x00000000ee480000)
  to   space 2048K, 0% used [0x00000000ee080000,0x00000000ee080000,0x00000000ee280000)
 ParOldGen       total 35328K, used 11379K [0x00000000c0000000, 0x00000000c2280000, 0x00000000eaa80000)
  object space 35328K, 32% used [0x00000000c0000000,0x00000000c0b1ce10,0x00000000c2280000)
 PSPermGen       total 21504K, used 6324K [0x00000000b5a00000, 0x00000000b6f00000, 0x00000000c0000000)
  object space 21504K, 29% used [0x00000000b5a00000,0x00000000b602d000,0x00000000b6f00000)
Event: 22,543 GC heap after
Heap after GC invocations=5 (full 0):
 PSYoungGen      total 57344K, used 2022K [0x00000000eaa80000, 0x00000000f2e80000, 0x0000000100000000)
  eden space 55296K, 0% used [0x00000000eaa80000,0x00000000eaa80000,0x00000000ee080000)
  from space 2048K, 98% used [0x00000000ee080000,0x00000000ee279be0,0x00000000ee280000)
  to   space 12288K, 0% used [0x00000000f2280000,0x00000000f2280000,0x00000000f2e80000)
 ParOldGen       total 35328K, used 20527K [0x00000000c0000000, 0x00000000c2280000, 0x00000000eaa80000)
  object space 35328K, 58% used [0x00000000c0000000,0x00000000c140bc20,0x00000000c2280000)
 PSPermGen       total 21504K, used 6324K [0x00000000b5a00000, 0x00000000b6f00000, 0x00000000c0000000)
  object space 21504K, 29% used [0x00000000b5a00000,0x00000000b602d000,0x00000000b6f00000)
}
Event: 29,457 GC heap before
{Heap before GC invocations=6 (full 0):
 PSYoungGen      total 57344K, used 57318K [0x00000000eaa80000, 0x00000000f2e80000, 0x0000000100000000)
  eden space 55296K, 100% used [0x00000000eaa80000,0x00000000ee080000,0x00000000ee080000)
  from space 2048K, 98% used [0x00000000ee080000,0x00000000ee279be0,0x00000000ee280000)
  to   space 12288K, 0% used [0x00000000f2280000,0x00000000f2280000,0x00000000f2e80000)
 ParOldGen       total 35328K, used 20527K [0x00000000c0000000, 0x00000000c2280000, 0x00000000eaa80000)
  object space 35328K, 58% used [0x00000000c0000000,0x00000000c140bc20,0x00000000c2280000)
 PSPermGen       total 21504K, used 6361K [0x00000000b5a00000, 0x00000000b6f00000, 0x00000000c0000000)
  object space 21504K, 29% used [0x00000000b5a00000,0x00000000b6036598,0x00000000b6f00000)
Event: 29,735 GC heap after
Heap after GC invocations=6 (full 0):
 PSYoungGen      total 121856K, used 9606K [0x00000000eaa80000, 0x00000000f3080000, 0x0000000100000000)
  eden space 109568K, 0% used [0x00000000eaa80000,0x00000000eaa80000,0x00000000f1580000)
  from space 12288K, 78% used [0x00000000f2280000,0x00000000f2be1bf0,0x00000000f2e80000)
  to   space 13312K, 0% used [0x00000000f1580000,0x00000000f1580000,0x00000000f2280000)
 ParOldGen       total 35328K, used 20527K [0x00000000c0000000, 0x00000000c2280000, 0x00000000eaa80000)
  object space 35328K, 58% used [0x00000000c0000000,0x00000000c140bc20,0x00000000c2280000)
 PSPermGen       total 21504K, used 6361K [0x00000000b5a00000, 0x00000000b6f00000, 0x00000000c0000000)
  object space 21504K, 29% used [0x00000000b5a00000,0x00000000b6036598,0x00000000b6f00000)
}
Event: 43,644 GC heap before
{Heap before GC invocations=7 (full 0):
 PSYoungGen      total 121856K, used 119174K [0x00000000eaa80000, 0x00000000f3080000, 0x0000000100000000)
  eden space 109568K, 100% used [0x00000000eaa80000,0x00000000f1580000,0x00000000f1580000)
  from space 12288K, 78% used [0x00000000f2280000,0x00000000f2be1bf0,0x00000000f2e80000)
  to   space 13312K, 0% used [0x00000000f1580000,0x00000000f1580000,0x00000000f2280000)
 ParOldGen       total 35328K, used 20527K [0x00000000c0000000, 0x00000000c2280000, 0x00000000eaa80000)
  object space 35328K, 58% used [0x00000000c0000000,0x00000000c140bc20,0x00000000c2280000)
 PSPermGen       total 21504K, used 6403K [0x00000000b5a00000, 0x00000000b6f00000, 0x00000000c0000000)
  object space 21504K, 29% used [0x00000000b5a00000,0x00000000b6040fb0,0x00000000b6f00000)

